<?xml version="1.0" encoding="UTF-8"?>
<testsuite xmlns:xsi="http://www.w3.org/2001/XMLSchema-instance" xsi:noNamespaceSchemaLocation="https://maven.apache.org/surefire/maven-surefire-plugin/xsd/surefire-test-report.xsd" name="mylib.DataStructuresTest" time="0.043" tests="123" errors="0" skipped="0" failures="0">
  <properties>
[...]
</properties>
  <testcase name="testCDLLDefaultConstructor" classname="mylib.DataStructuresTest" time="0.003"/>
  <testcase name="testAVLConstructorWithNode" classname="mylib.DataStructuresTest" time="0"/>
  <testcase name="testQueueLLConstructor" classname="mylib.DataStructuresTest" time="0"/>
  <testcase name="testDLLGettersAndSetters" classname="mylib.DataStructuresTest" time="0"/>
  <testcase name="testCDLLClearAndIsEmpty" classname="mylib.DataStructuresTest" time="0"/>
  <testcase name="testQueueLLPeek" classname="mylib.DataStructuresTest" time="0"/>
  <testcase name="testDLLClearAndIsEmpty" classname="mylib.DataStructuresTest" time="0"/>
  <testcase name="testCSLLInsertHeadEmptyList" classname="mylib.DataStructuresTest" time="0"/>
  <testcase name="testSLLInsertBetweenNodes" classname="mylib.DataStructuresTest" time="0"/>
  <testcase name="testBSTDeleteNotExist" classname="mylib.DataStructuresTest" time="0.001"/>
  <testcase name="testBSTGetterAndSetter" classname="mylib.DataStructuresTest" time="0"/>
  <testcase name="testAVLSearchExists" classname="mylib.DataStructuresTest" time="0"/>
  <testcase name="testBSTSearchDoesNotExist" classname="mylib.DataStructuresTest" time="0"/>
  <testcase name="testCDLLSearchExists" classname="mylib.DataStructuresTest" time="0"/>
  <testcase name="testAVLInsertMultipleNodes" classname="mylib.DataStructuresTest" time="0"/>
  <testcase name="testCDLLDelete" classname="mylib.DataStructuresTest" time="0"/>
  <testcase name="testStackLLPrint" classname="mylib.DataStructuresTest" time="0.001"/>
  <testcase name="testCDLLInsertHeadEmptyList" classname="mylib.DataStructuresTest" time="0"/>
  <testcase name="testQueueLLGettersAndSetters" classname="mylib.DataStructuresTest" time="0"/>
  <testcase name="testCDLLInsert" classname="mylib.DataStructuresTest" time="0"/>
  <testcase name="testBSTConstructorWithVal" classname="mylib.DataStructuresTest" time="0"/>
  <testcase name="testCSLLDeleteHead" classname="mylib.DataStructuresTest" time="0.001"/>
  <testcase name="testCSLLDeleteTail" classname="mylib.DataStructuresTest" time="0"/>
  <testcase name="testQueueLLEnqueue" classname="mylib.DataStructuresTest" time="0"/>
  <testcase name="testBSTDefaultConstructor" classname="mylib.DataStructuresTest" time="0"/>
  <testcase name="testSLLSearchDoesNotExist" classname="mylib.DataStructuresTest" time="0"/>
  <testcase name="testSLLInsertHead" classname="mylib.DataStructuresTest" time="0"/>
  <testcase name="testSLLInsertTail" classname="mylib.DataStructuresTest" time="0"/>
  <testcase name="testAVLInsertMultipleValues" classname="mylib.DataStructuresTest" time="0"/>
  <testcase name="testCDLLDeleteHead" classname="mylib.DataStructuresTest" time="0.001"/>
  <testcase name="testCDLLDeleteTail" classname="mylib.DataStructuresTest" time="0"/>
  <testcase name="testSLLDelete" classname="mylib.DataStructuresTest" time="0"/>
  <testcase name="testBSTInsertNode" classname="mylib.DataStructuresTest" time="0"/>
  <testcase name="testDLLInsertHead" classname="mylib.DataStructuresTest" time="0"/>
  <testcase name="testDLLInsertTail" classname="mylib.DataStructuresTest" time="0"/>
  <testcase name="testAVLGetterAndSetter" classname="mylib.DataStructuresTest" time="0"/>
  <testcase name="testCSLLInsertHeadFullList" classname="mylib.DataStructuresTest" time="0.001"/>
  <testcase name="testSLLInsertEmptyList" classname="mylib.DataStructuresTest" time="0"/>
  <testcase name="testCDLLConstructor" classname="mylib.DataStructuresTest" time="0"/>
  <testcase name="testStackLLClearAndIsEmpty" classname="mylib.DataStructuresTest" time="0"/>
  <testcase name="testBSTPrintBF" classname="mylib.DataStructuresTest" time="0"/>
  <testcase name="testAVLDeleteExist" classname="mylib.DataStructuresTest" time="0"/>
  <testcase name="testBSTSearchExists" classname="mylib.DataStructuresTest" time="0"/>
  <testcase name="testSLLDefaultConstructor" classname="mylib.DataStructuresTest" time="0"/>
  <testcase name="testStackLLSearchDoesNotExist" classname="mylib.DataStructuresTest" time="0"/>
  <testcase name="testCDLLGettersAndSetters" classname="mylib.DataStructuresTest" time="0"/>
  <testcase name="testStackLLGettersAndSetters" classname="mylib.DataStructuresTest" time="0"/>
  <testcase name="testBSTInsertMultipleValues" classname="mylib.DataStructuresTest" time="0"/>
  <testcase name="testAVLInsertNodeRightChild" classname="mylib.DataStructuresTest" time="0"/>
  <testcase name="testStackLLOverrideMethods" classname="mylib.DataStructuresTest" time="0"/>
  <testcase name="testDLLSearchExists" classname="mylib.DataStructuresTest" time="0"/>
  <testcase name="testCDLLSortedInsert" classname="mylib.DataStructuresTest" time="0"/>
  <testcase name="testStackLLDefaultConstructor" classname="mylib.DataStructuresTest" time="0.001"/>
  <testcase name="testCDLLSort" classname="mylib.DataStructuresTest" time="0"/>
  <testcase name="testAVLSearchDoesNotExist" classname="mylib.DataStructuresTest" time="0"/>
  <testcase name="testAVLDeleteMultiple" classname="mylib.DataStructuresTest" time="0"/>
  <testcase name="testSLLDeleteHead" classname="mylib.DataStructuresTest" time="0"/>
  <testcase name="testSLLDeleteTail" classname="mylib.DataStructuresTest" time="0"/>
  <testcase name="testCSLLInsertTailEmptyList" classname="mylib.DataStructuresTest" time="0"/>
  <testcase name="testCSLLSearchExists" classname="mylib.DataStructuresTest" time="0"/>
  <testcase name="testAVLInsertNodeDuplicate" classname="mylib.DataStructuresTest" time="0"/>
  <testcase name="testDLLDeleteHead" classname="mylib.DataStructuresTest" time="0.001"/>
  <testcase name="testDLLDeleteTail" classname="mylib.DataStructuresTest" time="0"/>
  <testcase name="testDLLPrint" classname="mylib.DataStructuresTest" time="0"/>
  <testcase name="testAVLConstructorWithVal" classname="mylib.DataStructuresTest" time="0"/>
  <testcase name="testAVLDefaultConstructor" classname="mylib.DataStructuresTest" time="0"/>
  <testcase name="testBSTInsertVal" classname="mylib.DataStructuresTest" time="0"/>
  <testcase name="testCSLLSort" classname="mylib.DataStructuresTest" time="0"/>
  <testcase name="testDLLSearchDoesNotExist" classname="mylib.DataStructuresTest" time="0"/>
  <testcase name="testQueueLLLSort" classname="mylib.DataStructuresTest" time="0"/>
  <testcase name="testQueueLLPrint" classname="mylib.DataStructuresTest" time="0.001"/>
  <testcase name="testDLLConstructor" classname="mylib.DataStructuresTest" time="0"/>
  <testcase name="testCSLLConstructor" classname="mylib.DataStructuresTest" time="0"/>
  <testcase name="testCDLLInsertHeadFullList" classname="mylib.DataStructuresTest" time="0"/>
  <testcase name="testSLLPrint" classname="mylib.DataStructuresTest" time="0"/>
  <testcase name="testCDLLInsertTailEmptyList" classname="mylib.DataStructuresTest" time="0"/>
  <testcase name="testAVLInsertVal" classname="mylib.DataStructuresTest" time="0"/>
  <testcase name="testAVLInsertNodeLeftChild" classname="mylib.DataStructuresTest" time="0"/>
  <testcase name="testCSLLClearAndIsEmpty" classname="mylib.DataStructuresTest" time="0"/>
  <testcase name="testDLLDefaultConstructor" classname="mylib.DataStructuresTest" time="0"/>
  <testcase name="testDLLDelete" classname="mylib.DataStructuresTest" time="0"/>
  <testcase name="testCSLLInsertTailFullList" classname="mylib.DataStructuresTest" time="0.001"/>
  <testcase name="testDLLSort" classname="mylib.DataStructuresTest" time="0"/>
  <testcase name="testDLLSortedInsert" classname="mylib.DataStructuresTest" time="0"/>
  <testcase name="testQueueLLSearchDoesNotExist" classname="mylib.DataStructuresTest" time="0"/>
  <testcase name="testSLLGettersAndSetters" classname="mylib.DataStructuresTest" time="0"/>
  <testcase name="testSLLClearAndIsEmpty" classname="mylib.DataStructuresTest" time="0"/>
  <testcase name="testBSTConstructorWithNode" classname="mylib.DataStructuresTest" time="0"/>
  <testcase name="testDLLInsert" classname="mylib.DataStructuresTest" time="0"/>
  <testcase name="testAVLDeleteNotExist" classname="mylib.DataStructuresTest" time="0"/>
  <testcase name="testBSTDeleteExist" classname="mylib.DataStructuresTest" time="0"/>
  <testcase name="testSLLSearchExists" classname="mylib.DataStructuresTest" time="0.001"/>
  <testcase name="testCSLLSortedInsert" classname="mylib.DataStructuresTest" time="0"/>
  <testcase name="testCSLLSearchDoesNotExist" classname="mylib.DataStructuresTest" time="0"/>
  <testcase name="testQueueLLDefaultConstructor" classname="mylib.DataStructuresTest" time="0"/>
  <testcase name="testStackLLConstructor" classname="mylib.DataStructuresTest" time="0"/>
  <testcase name="testSLLSort" classname="mylib.DataStructuresTest" time="0"/>
  <testcase name="testAVLPrintInOrder" classname="mylib.DataStructuresTest" time="0"/>
  <testcase name="testAVLInsertNodeNullRoot" classname="mylib.DataStructuresTest" time="0"/>
  <testcase name="testCSLLDefaultConstructor" classname="mylib.DataStructuresTest" time="0"/>
  <testcase name="testStackLLSearchExists" classname="mylib.DataStructuresTest" time="0"/>
  <testcase name="testSLLConstructor" classname="mylib.DataStructuresTest" time="0.001"/>
  <testcase name="testSLLInsertVariousPositions" classname="mylib.DataStructuresTest" time="0"/>
  <testcase name="testQueueLLClearAndIsEmpty" classname="mylib.DataStructuresTest" time="0"/>
  <testcase name="testStackLLPop" classname="mylib.DataStructuresTest" time="0"/>
  <testcase name="testCDLLPrint" classname="mylib.DataStructuresTest" time="0"/>
  <testcase name="testAVLGetterAndSetterWithChildren" classname="mylib.DataStructuresTest" time="0"/>
  <testcase name="testCDLLInsertTailFullList" classname="mylib.DataStructuresTest" time="0"/>
  <testcase name="testAVLPrintBF" classname="mylib.DataStructuresTest" time="0.001"/>
  <testcase name="testQueueLLOverrideMethods" classname="mylib.DataStructuresTest" time="0"/>
  <testcase name="testSLLSortedInsert" classname="mylib.DataStructuresTest" time="0"/>
  <testcase name="testBSTPrintInOrder" classname="mylib.DataStructuresTest" time="0"/>
  <testcase name="testSLLInsertAlreadyExists" classname="mylib.DataStructuresTest" time="0"/>
  <testcase name="testCSLLDelete" classname="mylib.DataStructuresTest" time="0"/>
  <testcase name="testCSLLPrint" classname="mylib.DataStructuresTest" time="0"/>
  <testcase name="testStackLLPeek" classname="mylib.DataStructuresTest" time="0"/>
  <testcase name="testStackLLPush" classname="mylib.DataStructuresTest" time="0"/>
  <testcase name="testStackLLSort" classname="mylib.DataStructuresTest" time="0"/>
  <testcase name="testCSLLGettersAndSetters" classname="mylib.DataStructuresTest" time="0"/>
  <testcase name="testQueueLLSearchExists" classname="mylib.DataStructuresTest" time="0"/>
  <testcase name="testCSLLInsert" classname="mylib.DataStructuresTest" time="0"/>
  <testcase name="testCDLLSearchDoesNotExist" classname="mylib.DataStructuresTest" time="0"/>
  <testcase name="testQueueLLDequeue" classname="mylib.DataStructuresTest" time="0.001"/>
</testsuite>